2022-07-19 11:15:01,088 - __main__ - INFO - Token value: Token not available!
2022-07-19 11:15:01,760 - __main__ - INFO - Weather in Berlin: 30.32
2022-07-19 10:09:58,525 - __main__ - INFO - Token value: 1234
2022-07-19 10:09:58,949 - __main__ - INFO - Weather in Berlin: 32.56
2022-07-19 12:17:50,405 - __main__ - INFO - Token value: 1234
2022-07-19 12:17:50,875 - __main__ - INFO - Weather in Berlin: 33.66
2022-07-19 14:09:00,868 - __main__ - INFO - Token value: 1234
2022-07-19 14:09:01,435 - __main__ - INFO - Weather in Berlin: 34.86
2022-07-19 16:12:16,906 - __main__ - INFO - Token value: 1234
2022-07-19 16:12:17,306 - __main__ - INFO - Weather in Berlin: 34.28
2022-07-19 18:10:53,682 - __main__ - INFO - Token value: 1234
2022-07-19 18:10:53,844 - __main__ - INFO - Weather in Berlin: 31.9
2022-07-19 20:09:35,027 - __main__ - INFO - Token value: 1234
2022-07-19 20:09:35,139 - __main__ - INFO - Weather in Berlin: 27.52
2022-07-19 22:09:04,334 - __main__ - INFO - Token value: 1234
2022-07-19 22:09:04,912 - __main__ - INFO - Weather in Berlin: 25.4
2022-07-20 00:46:12,649 - __main__ - INFO - Token value: 1234
2022-07-20 00:46:13,296 - __main__ - INFO - Weather in Berlin: 24.18
2022-07-20 03:36:18,748 - __main__ - INFO - Token value: 1234
2022-07-20 03:36:18,916 - __main__ - INFO - Weather in Berlin: 22.12
2022-07-20 04:30:43,477 - __main__ - INFO - Token value: 1234
2022-07-20 04:30:43,776 - __main__ - INFO - Weather in Berlin: 21.64
2022-07-20 06:11:40,340 - __main__ - INFO - Token value: 1234
2022-07-20 06:11:41,194 - __main__ - INFO - Weather in Berlin: 24.95
2022-07-20 08:12:25,109 - __main__ - INFO - Token value: 1234
2022-07-20 08:12:25,397 - __main__ - INFO - Weather in Berlin: 30.85
2022-07-20 10:09:27,874 - __main__ - INFO - Token value: 1234
2022-07-20 10:09:28,041 - __main__ - INFO - Weather in Berlin: 35.42
2022-07-20 12:16:14,801 - __main__ - INFO - Token value: 1234
2022-07-20 12:16:15,447 - __main__ - INFO - Weather in Berlin: 36.64
2022-07-20 14:10:42,143 - __main__ - INFO - Token value: 1234
2022-07-20 14:10:42,285 - __main__ - INFO - Weather in Berlin: 37.34
2022-07-20 16:11:32,101 - __main__ - INFO - Token value: 1234
2022-07-20 16:11:32,270 - __main__ - INFO - Weather in Berlin: 36.32
2022-07-20 18:11:08,871 - __main__ - INFO - Token value: 1234
2022-07-20 18:11:09,450 - __main__ - INFO - Weather in Berlin: 35.75
2022-07-20 20:10:07,208 - __main__ - INFO - Token value: 1234
2022-07-20 20:10:07,807 - __main__ - INFO - Weather in Berlin: 29.16
2022-07-20 22:08:32,880 - __main__ - INFO - Token value: 1234
2022-07-20 22:08:33,309 - __main__ - INFO - Weather in Berlin: 27.72
2022-07-21 00:51:04,670 - __main__ - INFO - Token value: 1234
2022-07-21 00:51:04,945 - __main__ - INFO - Weather in Berlin: 25.62
2022-07-21 03:32:21,183 - __main__ - INFO - Token value: 1234
2022-07-21 03:32:21,622 - __main__ - INFO - Weather in Berlin: 24.17
2022-07-21 04:33:49,059 - __main__ - INFO - Token value: 1234
2022-07-21 04:33:49,712 - __main__ - INFO - Weather in Berlin: 23.8
2022-07-21 06:11:40,676 - __main__ - INFO - Token value: 1234
2022-07-21 06:11:41,078 - __main__ - INFO - Weather in Berlin: 24.1
2022-07-21 08:11:51,774 - __main__ - INFO - Token value: 1234
2022-07-21 08:11:51,925 - __main__ - INFO - Weather in Berlin: 26.61
2022-07-21 10:10:48,231 - __main__ - INFO - Token value: 1234
2022-07-21 10:10:48,658 - __main__ - INFO - Weather in Berlin: 29.39
2022-07-21 12:16:51,452 - __main__ - INFO - Token value: 1234
2022-07-21 12:16:52,210 - __main__ - INFO - Weather in Berlin: 29.02
2022-07-21 14:10:13,059 - __main__ - INFO - Token value: 1234
2022-07-21 14:10:13,760 - __main__ - INFO - Weather in Berlin: 24.62
2022-07-21 16:11:48,481 - __main__ - INFO - Token value: 1234
2022-07-21 16:11:49,254 - __main__ - INFO - Weather in Berlin: 24.51
2022-07-21 18:11:19,590 - __main__ - INFO - Token value: 1234
2022-07-21 18:11:19,965 - __main__ - INFO - Weather in Berlin: 25.79
2022-07-21 20:10:30,244 - __main__ - INFO - Token value: 1234
2022-07-21 20:10:30,328 - __main__ - INFO - Weather in Berlin: 22.77
2022-07-25 00:44:39,700 - __main__ - INFO - Token value: 1234
2022-07-25 00:44:40,082 - __main__ - INFO - Weather in Berlin: 19.9
2022-08-01 00:54:12,206 - __main__ - INFO - Token value: 1234
2022-08-01 00:54:12,694 - __main__ - INFO - Weather in Berlin: 20.23
2022-08-08 00:40:42,506 - __main__ - INFO - Token value: 1234
2022-08-08 00:40:42,610 - __main__ - INFO - Weather in Berlin: 16.92
2022-08-15 00:44:48,218 - __main__ - INFO - Token value: 1234
2022-08-15 00:44:48,828 - __main__ - INFO - Weather in Berlin: 22.05
2022-08-22 00:46:22,483 - __main__ - INFO - Token value: 1234
2022-08-22 00:46:22,604 - __main__ - INFO - Weather in Berlin: 16.54
2022-08-29 00:51:03,885 - __main__ - INFO - Token value: 1234
2022-08-29 00:51:04,463 - __main__ - INFO - Weather in Berlin: 13.61
2022-09-05 00:54:44,539 - __main__ - INFO - Token value: 1234
2022-09-05 00:54:45,065 - __main__ - INFO - Weather in Berlin: 15.8
2022-09-12 00:48:56,255 - __main__ - INFO - Token value: 1234
2022-09-12 00:48:56,362 - __main__ - INFO - Weather in Berlin: 12.68
2022-09-19 00:51:28,986 - __main__ - INFO - Token value: 1234
2022-09-19 00:51:29,073 - __main__ - INFO - Weather in Berlin: 8.79
2022-09-26 00:54:36,285 - __main__ - INFO - Token value: 1234
2022-09-26 00:54:36,670 - __main__ - INFO - Weather in Berlin: 11.75
2022-10-03 00:53:53,511 - __main__ - INFO - Token value: 1234
2022-10-03 00:53:54,115 - __main__ - INFO - Weather in Berlin: 11.07
2022-10-10 00:59:22,592 - __main__ - INFO - Token value: 1234
2022-10-10 00:59:22,684 - __main__ - INFO - Weather in Berlin: 7.73
2022-10-17 01:03:34,041 - __main__ - INFO - Token value: 1234
2022-10-17 01:03:34,808 - __main__ - INFO - Weather in Berlin: 13.02
2022-10-24 01:05:23,964 - __main__ - INFO - Token value: 1234
2022-10-24 01:05:24,197 - __main__ - INFO - Weather in Berlin: 13.27
2022-10-31 00:56:50,347 - __main__ - INFO - Token value: 1234
2022-10-31 00:56:50,781 - __main__ - INFO - Weather in Berlin: 13.45
2022-11-07 00:46:30,914 - __main__ - INFO - Token value: 1234
2022-11-07 00:46:31,482 - __main__ - INFO - Weather in Berlin: 6.9
2022-11-14 00:42:53,014 - __main__ - INFO - Token value: 1234
2022-11-14 00:42:53,136 - __main__ - INFO - Weather in Berlin: 6.58
2022-11-21 00:44:54,383 - __main__ - INFO - Token value: 1234
2022-11-21 00:44:54,891 - __main__ - INFO - Weather in Berlin: -1.89
2022-11-28 00:38:10,868 - __main__ - INFO - Token value: 1234
2022-11-28 00:38:10,962 - __main__ - INFO - Weather in Berlin: 4.03
2022-12-05 00:37:36,747 - __main__ - INFO - Token value: 1234
2022-12-05 00:37:37,346 - __main__ - INFO - Weather in Berlin: 2.48
2022-12-12 00:40:48,194 - __main__ - INFO - Token value: 1234
2022-12-12 00:40:48,347 - __main__ - INFO - Weather in Berlin: -1.51
2022-12-19 00:34:22,668 - __main__ - INFO - Token value: 1234
2022-12-19 00:34:23,349 - __main__ - INFO - Weather in Berlin: -4.73
2022-12-26 00:37:57,455 - __main__ - INFO - Token value: 1234
2022-12-26 00:37:58,555 - __main__ - INFO - Weather in Berlin: 8.58
2023-01-02 00:37:45,571 - __main__ - INFO - Token value: 1234
2023-01-02 00:37:46,198 - __main__ - INFO - Weather in Berlin: 11.86
2023-01-09 00:37:48,669 - __main__ - INFO - Token value: 1234
2023-01-09 00:37:49,006 - __main__ - INFO - Weather in Berlin: 5.01
2023-01-16 00:38:39,973 - __main__ - INFO - Token value: 1234
2023-01-16 00:38:40,358 - __main__ - INFO - Weather in Berlin: 4.9
2023-01-23 00:37:11,897 - __main__ - INFO - Token value: 1234
2023-01-23 00:37:12,431 - __main__ - INFO - Weather in Berlin: 1.65
2023-01-30 00:35:30,776 - __main__ - INFO - Token value: 1234
2023-01-30 00:35:31,351 - __main__ - INFO - Weather in Berlin: 1.63
2023-02-06 00:37:40,919 - __main__ - INFO - Token value: 1234
2023-02-06 00:37:41,397 - __main__ - INFO - Weather in Berlin: -2.01
2023-02-13 00:41:55,645 - __main__ - INFO - Token value: 1234
2023-02-13 00:41:56,334 - __main__ - INFO - Weather in Berlin: 7.16
2023-02-20 00:42:40,136 - __main__ - INFO - Token value: 1234
2023-02-20 00:42:40,714 - __main__ - INFO - Weather in Berlin: 2.39
2023-02-27 00:41:12,914 - __main__ - INFO - Token value: 1234
2023-02-27 00:41:13,506 - __main__ - INFO - Weather in Berlin: -1.34
2023-03-06 00:41:41,381 - __main__ - INFO - Token value: 1234
2023-03-06 00:41:41,518 - __main__ - INFO - Weather in Berlin: 0.94
2023-03-13 00:39:58,538 - __main__ - INFO - Token value: 1234
2023-03-13 00:39:58,984 - __main__ - INFO - Weather in Berlin: 5.94
2023-03-20 00:40:52,346 - __main__ - INFO - Token value: 1234
2023-03-20 00:40:52,864 - __main__ - INFO - Weather in Berlin: 10.36
2023-03-27 00:37:03,135 - __main__ - INFO - Token value: 1234
2023-03-27 00:37:03,579 - __main__ - INFO - Weather in Berlin: 4.49
2023-04-03 00:37:03,535 - __main__ - INFO - Token value: 1234
2023-04-03 00:37:03,887 - __main__ - INFO - Weather in Berlin: 1.06
2023-04-10 00:36:03,126 - __main__ - INFO - Token value: 1234
2023-04-10 00:36:03,601 - __main__ - INFO - Weather in Berlin: 6.65
2023-04-17 00:38:11,628 - __main__ - INFO - Token value: 1234
2023-04-17 00:38:11,958 - __main__ - INFO - Weather in Berlin: 7.47
2023-04-24 00:37:25,968 - __main__ - INFO - Token value: 1234
2023-04-24 00:37:26,548 - __main__ - INFO - Weather in Berlin: 11.24
2023-05-01 00:38:28,593 - __main__ - INFO - Token value: 1234
2023-05-01 00:38:29,237 - __main__ - INFO - Weather in Berlin: 4.74
2023-05-08 00:35:59,553 - __main__ - INFO - Token value: 1234
2023-05-08 00:36:00,012 - __main__ - INFO - Weather in Berlin: 8.12
2023-05-15 00:37:43,779 - __main__ - INFO - Token value: 1234
2023-05-15 00:37:44,323 - __main__ - INFO - Weather in Berlin: 13.01
2023-05-22 00:38:44,183 - __main__ - INFO - Token value: 1234
2023-05-22 00:38:44,825 - __main__ - INFO - Weather in Berlin: 18.93
2023-05-29 00:38:32,685 - __main__ - INFO - Token value: 1234
2023-05-29 00:38:33,317 - __main__ - INFO - Weather in Berlin: 13.49
2023-06-05 00:42:16,214 - __main__ - INFO - Token value: 1234
2023-06-05 00:42:16,354 - __main__ - INFO - Weather in Berlin: 12.54
2023-06-12 00:44:40,761 - __main__ - INFO - Token value: 1234
2023-06-12 00:44:41,287 - __main__ - INFO - Weather in Berlin: 17.95
2023-06-19 00:41:31,896 - __main__ - INFO - Token value: 1234
2023-06-19 00:41:32,077 - __main__ - INFO - Weather in Berlin: 17.46
2023-06-26 00:48:35,778 - __main__ - INFO - Token value: 1234
2023-06-26 00:48:35,965 - __main__ - INFO - Weather in Berlin: 19.96
2023-07-03 00:47:50,515 - __main__ - INFO - Token value: 1234
2023-07-03 00:47:51,503 - __main__ - INFO - Weather in Berlin: 14.82
2023-07-10 00:47:49,548 - __main__ - INFO - Token value: 1234
2023-07-10 00:47:50,169 - __main__ - INFO - Weather in Berlin: 21.4
2023-07-17 00:50:57,487 - __main__ - INFO - Token value: 1234
2023-07-17 00:50:58,057 - __main__ - INFO - Weather in Berlin: 17.68
2023-07-24 00:41:28,744 - __main__ - INFO - Token value: 1234
2023-07-24 00:41:29,341 - __main__ - INFO - Weather in Berlin: 19.18
2023-07-31 00:41:40,366 - __main__ - INFO - Token value: 1234
2023-07-31 00:41:40,950 - __main__ - INFO - Weather in Berlin: 15.06
2023-08-07 00:39:33,017 - __main__ - INFO - Token value: 1234
2023-08-07 00:39:33,591 - __main__ - INFO - Weather in Berlin: 14.24
2023-08-14 00:32:09,980 - __main__ - INFO - Token value: 1234
2023-08-14 00:32:10,569 - __main__ - INFO - Weather in Berlin: 19.18
2023-08-21 00:31:40,538 - __main__ - INFO - Token value: 1234
2023-08-21 00:31:41,217 - __main__ - INFO - Weather in Berlin: 20.29
2023-08-28 00:32:45,300 - __main__ - INFO - Token value: 1234
2023-08-28 00:32:45,759 - __main__ - INFO - Weather in Berlin: 15.49
2023-09-04 00:32:51,578 - __main__ - INFO - Token value: 1234
2023-09-04 00:32:51,721 - __main__ - INFO - Weather in Berlin: 13.88
2023-09-11 00:33:02,029 - __main__ - INFO - Token value: 1234
2023-09-11 00:33:02,311 - __main__ - INFO - Weather in Berlin: 19.79
2023-09-18 00:33:08,034 - __main__ - INFO - Token value: 1234
2023-09-18 00:33:08,622 - __main__ - INFO - Weather in Berlin: 18.77
2023-09-25 00:33:31,589 - __main__ - INFO - Token value: 1234
2023-09-25 00:33:32,204 - __main__ - INFO - Weather in Berlin: 11.97
2023-10-02 00:33:45,247 - __main__ - INFO - Token value: 1234
2023-10-02 00:33:45,432 - __main__ - INFO - Weather in Berlin: 16.15
2023-10-09 00:33:46,073 - __main__ - INFO - Token value: 1234
2023-10-09 00:33:46,678 - __main__ - INFO - Weather in Berlin: 10.35
2023-10-16 00:34:12,581 - __main__ - INFO - Token value: 1234
2023-10-16 00:34:13,068 - __main__ - INFO - Weather in Berlin: 6.05
2023-10-23 00:33:38,346 - __main__ - INFO - Token value: 1234
2023-10-23 00:33:38,481 - __main__ - INFO - Weather in Berlin: 11.05
2023-10-26 17:11:58,283 - __main__ - INFO - Token value: 
2023-10-26 17:11:58,747 - __main__ - INFO - Weather in Berlin: 10.16
2023-10-26 17:24:29,428 - __main__ - INFO - Token value: 4321
2023-10-26 17:24:29,888 - __main__ - INFO - Weather in Berlin: 10.16
2023-10-26 17:31:24,145 - __main__ - INFO - Token value: 4321
2023-10-26 17:31:25,203 - __main__ - INFO - Weather in Berlin: 10.1
2023-10-26 17:38:26,307 - __main__ - INFO - Token value: 4321
2023-10-26 17:38:26,509 - __main__ - INFO - Weather in Berlin: 10.1
2023-10-26 17:45:00,887 - __main__ - INFO - Token value: 4321
2023-10-26 17:45:01,538 - __main__ - INFO - Weather in Berlin: 10.1
2023-10-26 17:52:01,362 - __main__ - INFO - Token value: 4321
2023-10-26 17:52:01,591 - __main__ - INFO - Weather in London: 12.18
2023-10-26 17:52:01,591 - __main__ - INFO - testando
2023-10-26 17:58:40,670 - __main__ - INFO - Token value: 4321
2023-10-26 17:58:40,836 - __main__ - INFO - Weather in London: 12.56
2023-10-26 17:58:40,836 - __main__ - INFO - testando
2023-10-27 10:54:49,246 - __main__ - INFO - Token value: 4321
2023-10-27 10:54:49,699 - __main__ - INFO - Weather in London: 11.34
2023-10-27 10:54:49,699 - __main__ - INFO - testando
2023-10-27 11:04:50,099 - __main__ - INFO - Token value: 4321
2023-10-27 11:04:50,684 - __main__ - INFO - Weather in London: 11.51
2023-10-27 11:04:50,684 - __main__ - INFO - testando
2023-10-27 11:15:53,414 - __main__ - INFO - Token value: 4321
2023-10-27 11:15:53,906 - __main__ - INFO - Weather in London: 11.34
2023-10-27 11:15:53,906 - __main__ - INFO - testando
2023-10-27 11:22:37,511 - __main__ - INFO - Token value: 4321
2023-10-27 11:22:37,645 - __main__ - INFO - Weather in London: 11.51
2023-10-27 11:22:37,645 - __main__ - INFO - testando
2023-10-27 11:29:17,952 - __main__ - INFO - Token value: 4321
2023-10-27 11:29:18,709 - __main__ - INFO - Weather in London: 11.51
2023-10-27 11:29:18,709 - __main__ - INFO - testando
2023-10-27 12:22:25,538 - __main__ - INFO - Token value: 4321
2023-10-27 12:22:26,253 - __main__ - INFO - Weather in London: 13.84
2023-10-27 12:22:26,254 - __main__ - INFO - testando
2023-10-28 12:20:22,289 - __main__ - INFO - Token value: 4321
2023-10-28 12:20:22,851 - __main__ - INFO - Weather in London: 14.22
2023-10-28 12:20:22,851 - __main__ - INFO - testando
2023-10-29 12:20:45,377 - __main__ - INFO - Token value: 4321
2023-10-29 12:20:45,563 - __main__ - INFO - Weather in London: 10.74
2023-10-29 12:20:45,564 - __main__ - INFO - testando
2023-10-30 12:23:14,458 - __main__ - INFO - Token value: 4321
2023-10-30 12:23:14,787 - __main__ - INFO - Weather in London: 13.12
2023-10-30 12:23:14,787 - __main__ - INFO - testando
2023-10-31 12:22:48,340 - __main__ - INFO - Token value: 4321
2023-10-31 12:22:48,964 - __main__ - INFO - Weather in London: 13.48
2023-10-31 12:22:48,964 - __main__ - INFO - testando
2023-11-01 12:23:05,587 - __main__ - INFO - Token value: 4321
2023-11-01 12:23:06,273 - __main__ - INFO - Weather in London: 12.94
2023-11-01 12:23:06,273 - __main__ - INFO - testando
2023-11-02 12:23:02,966 - __main__ - INFO - Token value: 4321
2023-11-02 12:23:03,670 - __main__ - INFO - Weather in London: 10.44
2023-11-02 12:23:03,671 - __main__ - INFO - testando
2023-11-03 12:23:11,531 - __main__ - INFO - Token value: 4321
2023-11-03 12:23:12,380 - __main__ - INFO - Weather in London: 12.65
2023-11-03 12:23:12,380 - __main__ - INFO - testando
2023-11-04 12:20:27,487 - __main__ - INFO - Token value: 4321
2023-11-04 12:20:27,779 - __main__ - INFO - Weather in London: 12.11
2023-11-04 12:20:27,779 - __main__ - INFO - testando
2023-11-05 12:20:54,750 - __main__ - INFO - Token value: 4321
2023-11-05 12:20:55,260 - __main__ - INFO - Weather in London: 12.69
2023-11-05 12:20:55,260 - __main__ - INFO - testando
2023-11-06 12:24:41,780 - __main__ - INFO - Token value: 4321
2023-11-06 12:24:41,985 - __main__ - INFO - Weather in London: 12.76
2023-11-06 12:24:41,985 - __main__ - INFO - testando
2023-11-07 12:22:55,364 - __main__ - INFO - Token value: 4321
2023-11-07 12:22:56,022 - __main__ - INFO - Weather in London: 11.92
2023-11-07 12:22:56,023 - __main__ - INFO - testando
2023-11-08 12:22:52,216 - __main__ - INFO - Token value: 4321
2023-11-08 12:22:52,882 - __main__ - INFO - Weather in London: 12.69
2023-11-08 12:22:52,882 - __main__ - INFO - testando
2023-11-09 12:22:48,311 - __main__ - INFO - Token value: 4321
2023-11-09 12:22:48,706 - __main__ - INFO - Weather in London: 10.19
2023-11-09 12:22:48,706 - __main__ - INFO - testando
2023-11-10 12:22:40,918 - __main__ - INFO - Token value: 4321
2023-11-10 12:22:41,191 - __main__ - INFO - Weather in London: 8.71
2023-11-10 12:22:41,191 - __main__ - INFO - testando
2023-11-11 12:20:43,312 - __main__ - INFO - Token value: 4321
2023-11-11 12:20:43,886 - __main__ - INFO - Weather in London: 10.09
2023-11-11 12:20:43,886 - __main__ - INFO - testando
2023-11-12 12:21:03,466 - __main__ - INFO - Token value: 4321
2023-11-12 12:21:03,695 - __main__ - INFO - Weather in London: 8.92
2023-11-12 12:21:03,695 - __main__ - INFO - testando
2023-11-13 12:23:50,535 - __main__ - INFO - Token value: 4321
2023-11-13 12:23:51,120 - __main__ - INFO - Weather in London: 14.34
2023-11-13 12:23:51,120 - __main__ - INFO - testando
2023-11-14 12:22:56,714 - __main__ - INFO - Token value: 4321
2023-11-14 12:22:57,157 - __main__ - INFO - Weather in London: 11.04
2023-11-14 12:22:57,157 - __main__ - INFO - testando
2023-11-15 12:24:01,360 - __main__ - INFO - Token value: 4321
2023-11-15 12:24:02,270 - __main__ - INFO - Weather in London: 11.65
2023-11-15 12:24:02,270 - __main__ - INFO - testando
2023-11-16 12:24:17,353 - __main__ - INFO - Token value: 4321
2023-11-16 12:24:18,196 - __main__ - INFO - Weather in London: 7.58
2023-11-16 12:24:18,197 - __main__ - INFO - testando
2023-11-17 12:23:25,577 - __main__ - INFO - Token value: 4321
2023-11-17 12:23:26,183 - __main__ - INFO - Weather in London: 10.09
2023-11-17 12:23:26,183 - __main__ - INFO - testando
2023-11-18 12:20:56,178 - __main__ - INFO - Token value: 4321
2023-11-18 12:20:56,387 - __main__ - INFO - Weather in London: 14.57
2023-11-18 12:20:56,387 - __main__ - INFO - testando
2023-11-19 12:21:26,004 - __main__ - INFO - Token value: 4321
2023-11-19 12:21:26,401 - __main__ - INFO - Weather in London: 13.81
2023-11-19 12:21:26,401 - __main__ - INFO - testando
2023-11-20 12:24:53,411 - __main__ - INFO - Token value: 4321
2023-11-20 12:24:53,724 - __main__ - INFO - Weather in London: 11.26
2023-11-20 12:24:53,724 - __main__ - INFO - testando
2023-11-21 12:24:49,937 - __main__ - INFO - Token value: 4321
2023-11-21 12:24:50,121 - __main__ - INFO - Weather in London: 10.67
2023-11-21 12:24:50,121 - __main__ - INFO - testando
2023-11-22 12:24:27,148 - __main__ - INFO - Token value: 4321
2023-11-22 12:24:27,765 - __main__ - INFO - Weather in London: 9.03
2023-11-22 12:24:27,765 - __main__ - INFO - testando
2023-11-23 12:23:41,565 - __main__ - INFO - Token value: 4321
2023-11-23 12:23:41,710 - __main__ - INFO - Weather in London: 12.68
2023-11-23 12:23:41,710 - __main__ - INFO - testando
2023-11-24 12:23:05,157 - __main__ - INFO - Token value: 4321
2023-11-24 12:23:05,365 - __main__ - INFO - Weather in London: 8.02
2023-11-24 12:23:05,366 - __main__ - INFO - testando
2023-11-25 12:21:10,162 - __main__ - INFO - Token value: 4321
2023-11-25 12:21:10,861 - __main__ - INFO - Weather in London: 5.54
2023-11-25 12:21:10,861 - __main__ - INFO - testando
2023-11-26 12:21:12,559 - __main__ - INFO - Token value: 4321
2023-11-26 12:21:12,940 - __main__ - INFO - Weather in London: 4.05
2023-11-26 12:21:12,940 - __main__ - INFO - testando
2023-11-27 12:24:24,716 - __main__ - INFO - Token value: 4321
2023-11-27 12:24:24,924 - __main__ - INFO - Weather in London: 9.54
2023-11-27 12:24:24,924 - __main__ - INFO - testando
2023-11-28 12:23:56,701 - __main__ - INFO - Token value: 4321
2023-11-28 12:23:57,282 - __main__ - INFO - Weather in London: 6.99
2023-11-28 12:23:57,283 - __main__ - INFO - testando
2023-11-29 12:23:49,918 - __main__ - INFO - Token value: 4321
2023-11-29 12:23:50,467 - __main__ - INFO - Weather in London: 5.06
2023-11-29 12:23:50,467 - __main__ - INFO - testando
2023-11-30 12:23:50,896 - __main__ - INFO - Token value: 4321
2023-11-30 12:23:51,232 - __main__ - INFO - Weather in London: 3.14
2023-11-30 12:23:51,232 - __main__ - INFO - testando
2023-12-01 12:23:50,610 - __main__ - INFO - Token value: 4321
2023-12-01 12:23:50,749 - __main__ - INFO - Weather in London: 2.0
2023-12-01 12:23:50,750 - __main__ - INFO - testando
2023-12-02 12:20:53,427 - __main__ - INFO - Token value: 4321
2023-12-02 12:20:53,995 - __main__ - INFO - Weather in London: 0.32
2023-12-02 12:20:53,995 - __main__ - INFO - testando
2023-12-03 12:21:42,662 - __main__ - INFO - Token value: 4321
2023-12-03 12:21:42,810 - __main__ - INFO - Weather in London: 7.24
2023-12-03 12:21:42,810 - __main__ - INFO - testando
2023-12-04 12:23:41,685 - __main__ - INFO - Token value: 4321
2023-12-04 12:23:42,059 - __main__ - INFO - Weather in London: 7.29
2023-12-04 12:23:42,059 - __main__ - INFO - testando
2023-12-05 12:23:53,001 - __main__ - INFO - Token value: 4321
2023-12-05 12:23:53,577 - __main__ - INFO - Weather in London: 6.17
2023-12-05 12:23:53,577 - __main__ - INFO - testando
2023-12-06 12:24:11,827 - __main__ - INFO - Token value: 4321
2023-12-06 12:24:12,681 - __main__ - INFO - Weather in London: 4.45
2023-12-06 12:24:12,681 - __main__ - INFO - testando
2023-12-07 12:24:06,547 - __main__ - INFO - Token value: 4321
2023-12-07 12:24:07,096 - __main__ - INFO - Weather in London: 8.07
2023-12-07 12:24:07,096 - __main__ - INFO - testando
